<?xml version="1.0" encoding="UTF-8"?>
<testsuite name="com.example.myebay.users.models.ProductTest" tests="2" skipped="0" failures="0" errors="0" timestamp="2022-10-23T10:37:55" hostname="MacBook-Air-uzivatela-David.local" time="0.009">
  <properties/>
  <testcase name="can_create_instance_of_product()" classname="com.example.myebay.users.models.ProductTest" time="0.008"/>
  <testcase name="can_create_instance_of_user2()" classname="com.example.myebay.users.models.ProductTest" time="0.0"/>
  <system-out><![CDATA[]]></system-out>
  <system-err><![CDATA[]]></system-err>
</testsuite>
