<?xml version="1.0" encoding="UTF-8"?>
<testsuite name="com.example.myebay.Models.UserTest" tests="1" skipped="0" failures="0" errors="0" timestamp="2022-10-21T12:52:19" hostname="MacBook-Air-uzivatela-David.local" time="0.01">
  <properties/>
  <testcase name="can_create_instance_of_user2()" classname="com.example.myebay.Models.UserTest" time="0.01"/>
  <system-out><![CDATA[]]></system-out>
  <system-err><![CDATA[]]></system-err>
</testsuite>
