<?xml version="1.0" encoding="UTF-8"?>
<testsuite name="com.example.myebay.users.models.ProductTest" tests="2" skipped="0" failures="0" errors="0" timestamp="2022-11-14T14:11:45" hostname="AiruzivelaDavid.home" time="0.006">
  <properties/>
  <testcase name="can_create_instance_of_product()" classname="com.example.myebay.users.models.ProductTest" time="0.005"/>
  <testcase name="can_create_instance_of_user2()" classname="com.example.myebay.users.models.ProductTest" time="0.001"/>
  <system-out><![CDATA[]]></system-out>
  <system-err><![CDATA[]]></system-err>
</testsuite>
